<?xml version="1.0" encoding="UTF-8"?>
<!-- Generated by org.testng.reporters.JUnitReportReporter -->
<testsuite skipped="0" hostname="INENKAKARCL1C" name="APITest.BaseAPI" tests="1" failures="0" timestamp="04 Nov 2018 07:15:29 GMT" time="3.798" errors="0">
  <testcase name="getBranch" time="3.798" classname="APITest.BaseAPI"/>
</testsuite> <!-- APITest.BaseAPI -->
