<?xml version="1.0" encoding="UTF-8"?>
<!-- Generated by org.testng.reporters.JUnitReportReporter -->
<testsuite skipped="0" hostname="INENKAKARCL1C" name="APITest.GitRepoTest" tests="5" failures="0" timestamp="08 Nov 2018 16:30:46 GMT" time="8.365" errors="0">
  <testcase name="fetchBranchByName" time="1.276" classname="APITest.GitRepoTest"/>
  <testcase name="fetchBranchData" time="3.470" classname="APITest.GitRepoTest"/>
  <testcase name="fetchBranchData" time="1.199" classname="APITest.GitRepoTest"/>
  <testcase name="fetchBranchData" time="1.214" classname="APITest.GitRepoTest"/>
  <testcase name="fetchBranchName" time="1.206" classname="APITest.GitRepoTest"/>
</testsuite> <!-- APITest.GitRepoTest -->
