<?xml version="1.0" encoding="UTF-8"?>
<!-- Generated by org.testng.reporters.JUnitReportReporter -->
<testsuite skipped="0" hostname="Plivo-PC" name="com.PlivoSDET1.DragTest" tests="2" failures="0" timestamp="15 Feb 2019 08:08:25 GMT" time="20.863" errors="0">
  <testcase name="createAppTest" time="5.830" classname="com.PlivoSDET1.DragTest"/>
  <testcase name="validSignup" time="15.033" classname="com.PlivoSDET1.DragTest"/>
</testsuite> <!-- com.PlivoSDET1.DragTest -->
